2025-05-17 13:28:17 core\tools\utils\simpleLogger.py:29 INFO     created round graphic borderColor: #000000, fillColor: #0000ff, pos: (-100, -100), radius: 200
2025-05-17 13:28:17 core\tools\utils\simpleLogger.py:29 INFO     created round graphic borderColor: #eeffff, fillColor: #000000, pos: (-50, -50), radius: 100
2025-05-17 15:29:35 core\tools\utils\simpleLogger.py:29 INFO     created round graphic borderColor: #000000, fillColor: #0000ff, pos: (-100, -100), radius: 200
2025-05-17 15:29:35 core\tools\utils\simpleLogger.py:29 INFO     created round graphic borderColor: #eeffff, fillColor: #000000, pos: (-50, -50), radius: 100
2025-05-17 15:29:48 core\tools\utils\simpleLogger.py:29 INFO     created round graphic borderColor: #000000, fillColor: #0000ff, pos: (-100, -100), radius: 200
2025-05-17 15:29:48 core\tools\utils\simpleLogger.py:29 INFO     created round graphic borderColor: #eeffff, fillColor: #000000, pos: (-50, -50), radius: 100
2025-05-17 15:33:43 core\tools\utils\simpleLogger.py:29 INFO     created round graphic borderColor: #000000, fillColor: #0000ff, pos: (-100, -100), radius: 200
2025-05-17 15:33:44 core\tools\utils\simpleLogger.py:29 INFO     created round graphic borderColor: #eeffff, fillColor: #000000, pos: (-50, -50), radius: 100
2025-05-17 15:33:44 core\tools\utils\simpleLogger.py:29 INFO     graphic selected: test2
2025-05-17 15:33:45 core\tools\utils\simpleLogger.py:29 INFO     graphic selected: test1
2025-05-17 15:33:46 core\tools\utils\simpleLogger.py:29 INFO     graphic selected: test1
2025-05-17 15:33:47 core\tools\utils\simpleLogger.py:29 INFO     graphic selected: test2
2025-05-17 15:33:47 core\tools\utils\simpleLogger.py:29 INFO     graphic selected: test1
2025-05-17 15:34:22 core\tools\utils\simpleLogger.py:29 INFO     created round graphic borderColor: #000000, fillColor: #0000ff, pos: (-100, -100), radius: 200
2025-05-17 15:34:22 core\tools\utils\simpleLogger.py:29 INFO     created round graphic borderColor: #eeffff, fillColor: #000000, pos: (-50, -50), radius: 100
2025-05-17 15:34:23 core\tools\utils\simpleLogger.py:29 INFO     graphic selected: test2 address: <ui.components.roundNodeGraphic.RoundNodeGrphic object at 0x00000221C5103F50>
2025-05-17 15:34:24 core\tools\utils\simpleLogger.py:29 INFO     graphic selected: test2 address: <ui.components.roundNodeGraphic.RoundNodeGrphic object at 0x00000221C5103F50>
2025-05-17 15:34:25 core\tools\utils\simpleLogger.py:29 INFO     graphic selected: test1 address: <ui.components.roundNodeGraphic.RoundNodeGrphic object at 0x00000221C5103EC0>
2025-05-17 15:35:57 core\tools\utils\simpleLogger.py:29 INFO     created round graphic borderColor: #000000, fillColor: #0000ff, pos: (-100, -100), radius: 200
2025-05-17 15:35:57 core\tools\utils\simpleLogger.py:29 INFO     created round graphic borderColor: #eeffff, fillColor: #000000, pos: (-50, -50), radius: 100
2025-05-17 15:35:58 core\tools\utils\simpleLogger.py:29 INFO     graphic selected: test2 obj: <ui.components.roundNodeGraphic.RoundNodeGrphic object at 0x000002596B5E3F50>
2025-05-17 15:36:00 core\tools\utils\simpleLogger.py:29 INFO     graphic selected: test1 obj: <ui.components.roundNodeGraphic.RoundNodeGrphic object at 0x000002596B5E3EC0>
2025-05-17 15:36:02 core\tools\utils\simpleLogger.py:29 INFO     graphic selected: test1 obj: <ui.components.roundNodeGraphic.RoundNodeGrphic object at 0x000002596B5E3EC0>
2025-05-17 15:38:34 core\tools\utils\simpleLogger.py:29 INFO     created round graphic borderColor: #000000, fillColor: #0000ff, pos: (-100, -100), radius: 200
2025-05-17 15:38:34 core\tools\utils\simpleLogger.py:29 INFO     created round graphic borderColor: #eeffff, fillColor: #000000, pos: (-50, -50), radius: 100
2025-05-17 15:38:35 core\tools\utils\simpleLogger.py:29 INFO     graphic selected: test2 obj: <ui.components.roundNodeGraphic.RoundNodeGrphic object at 0x00000132F67C3EC0>
2025-05-17 15:38:37 core\tools\utils\simpleLogger.py:29 INFO     graphic selected: test1 obj: <ui.components.roundNodeGraphic.RoundNodeGrphic object at 0x00000132F67C3E30>
2025-05-17 15:39:08 core\tools\utils\simpleLogger.py:29 INFO     created round graphic borderColor: #000000, fillColor: #0000ff, pos: (-100, -100), radius: 200
2025-05-17 15:39:08 core\tools\utils\simpleLogger.py:29 INFO     created round graphic borderColor: #eeffff, fillColor: #000000, pos: (-50, -50), radius: 100
2025-05-17 15:39:09 core\tools\utils\simpleLogger.py:29 INFO     graphic selected: test2 obj: <ui.components.roundNodeGraphic.RoundNodeGrphic object at 0x000002A92FD33F50>
2025-05-17 15:39:11 core\tools\utils\simpleLogger.py:29 INFO     graphic selected: test1 obj: <ui.components.roundNodeGraphic.RoundNodeGrphic object at 0x000002A92FD33EC0>
2025-05-17 15:39:16 core\tools\utils\simpleLogger.py:29 INFO     graphic selected: test1 obj: <ui.components.roundNodeGraphic.RoundNodeGrphic object at 0x000002A92FD33EC0>
2025-05-17 15:39:16 core\tools\utils\simpleLogger.py:29 INFO     graphic selected: test1 obj: <ui.components.roundNodeGraphic.RoundNodeGrphic object at 0x000002A92FD33EC0>
2025-05-17 15:39:17 core\tools\utils\simpleLogger.py:29 INFO     graphic selected: test1 obj: <ui.components.roundNodeGraphic.RoundNodeGrphic object at 0x000002A92FD33EC0>
2025-05-17 15:39:18 core\tools\utils\simpleLogger.py:29 INFO     graphic selected: test2 obj: <ui.components.roundNodeGraphic.RoundNodeGrphic object at 0x000002A92FD33F50>
2025-05-17 15:47:11 core\tools\utils\simpleLogger.py:29 INFO     created round graphic borderColor: #000000, fillColor: #0000ff, pos: (-100, -100), radius: 200
2025-05-17 15:47:11 core\tools\utils\simpleLogger.py:29 INFO     created round graphic borderColor: #eeffff, fillColor: #000000, pos: (-50, -50), radius: 100
2025-05-17 15:47:12 core\tools\utils\simpleLogger.py:29 INFO     graphic selected: test2 obj: <ui.components.roundNodeGraphic.RoundNodeGrphic object at 0x0000025A7E5E3F50>
2025-05-17 15:47:37 core\tools\utils\simpleLogger.py:29 INFO     created round graphic borderColor: #000000, fillColor: #0000ff, pos: (-100, -100), radius: 200
2025-05-17 15:47:37 core\tools\utils\simpleLogger.py:29 INFO     created round graphic borderColor: #eeffff, fillColor: #000000, pos: (-50, -50), radius: 100
2025-05-17 15:48:01 core\tools\utils\simpleLogger.py:29 INFO     created round graphic borderColor: #000000, fillColor: #0000ff, pos: (-100, -100), radius: 200
2025-05-17 15:48:01 core\tools\utils\simpleLogger.py:29 INFO     created round graphic borderColor: #eeffff, fillColor: #000000, pos: (-50, -50), radius: 100
2025-05-17 15:48:02 core\tools\utils\simpleLogger.py:29 INFO     graphic selected: test2 obj: <ui.components.roundNodeGraphic.RoundNodeGrphic object at 0x000001B7E6BE3F50>
2025-05-17 15:48:02 core\tools\utils\simpleLogger.py:29 INFO     graphic selected: test1 obj: <ui.components.roundNodeGraphic.RoundNodeGrphic object at 0x000001B7E6BE3EC0>
2025-05-17 15:48:04 core\tools\utils\simpleLogger.py:29 INFO     graphic selected: test1 obj: <ui.components.roundNodeGraphic.RoundNodeGrphic object at 0x000001B7E6BE3EC0>
2025-05-17 15:50:59 core\tools\utils\simpleLogger.py:29 INFO     created round graphic borderColor: #000000, fillColor: #0000ff, pos: (-100, -100), radius: 200
2025-05-17 15:50:59 core\tools\utils\simpleLogger.py:29 INFO     created round graphic borderColor: #eeffff, fillColor: #000000, pos: (-50, -50), radius: 100
2025-05-17 15:51:02 core\tools\utils\simpleLogger.py:29 INFO     graphic selected: test2 obj: <ui.components.roundNodeGraphic.RoundNodeGrphic object at 0x000001CBFF8B3EC0>
2025-05-17 15:51:04 core\tools\utils\simpleLogger.py:29 INFO     graphic selected: test1 obj: <ui.components.roundNodeGraphic.RoundNodeGrphic object at 0x000001CBFF8B3E30>
2025-05-17 15:52:46 core\tools\utils\simpleLogger.py:29 INFO     created round graphic borderColor: #000000, fillColor: #0000ff, pos: (-100, -100), radius: 200
2025-05-17 15:52:46 core\tools\utils\simpleLogger.py:29 INFO     created round graphic borderColor: #eeffff, fillColor: #000000, pos: (-50, -50), radius: 100
2025-05-17 15:52:47 core\tools\utils\simpleLogger.py:29 INFO     graphic selected: test2 obj: <ui.components.roundNodeGraphic.RoundNodeGrphic object at 0x0000016A4A4D3F50>
2025-05-17 15:52:48 core\tools\utils\simpleLogger.py:29 INFO     graphic diselected: test1
2025-05-17 15:52:48 core\tools\utils\simpleLogger.py:29 INFO     graphic diselected: test2
2025-05-17 15:52:51 core\tools\utils\simpleLogger.py:29 INFO     graphic selected: test2 obj: <ui.components.roundNodeGraphic.RoundNodeGrphic object at 0x0000016A4A4D3F50>
2025-05-17 15:52:51 core\tools\utils\simpleLogger.py:29 INFO     graphic diselected: test1
2025-05-17 15:52:51 core\tools\utils\simpleLogger.py:29 INFO     graphic diselected: test2
2025-05-17 15:52:52 core\tools\utils\simpleLogger.py:29 INFO     graphic selected: test2 obj: <ui.components.roundNodeGraphic.RoundNodeGrphic object at 0x0000016A4A4D3F50>
2025-05-17 15:52:53 core\tools\utils\simpleLogger.py:29 INFO     graphic diselected: test1
2025-05-17 15:52:53 core\tools\utils\simpleLogger.py:29 INFO     graphic diselected: test2
2025-05-17 15:54:18 core\tools\utils\simpleLogger.py:29 INFO     created round graphic borderColor: #000000, fillColor: #0000ff, pos: (-100, -100), radius: 200
2025-05-17 15:54:18 core\tools\utils\simpleLogger.py:29 INFO     created round graphic borderColor: #eeffff, fillColor: #000000, pos: (-50, -50), radius: 100
2025-05-17 15:54:18 core\tools\utils\simpleLogger.py:29 INFO     graphic selected: test2 obj: <ui.components.roundNodeGraphic.RoundNodeGrphic object at 0x00000218CCA53EC0>
2025-05-17 15:54:19 core\tools\utils\simpleLogger.py:29 INFO     graphic diselected: test1
2025-05-17 15:54:19 core\tools\utils\simpleLogger.py:29 INFO     graphic diselected: test2
2025-05-17 15:54:20 core\tools\utils\simpleLogger.py:29 INFO     graphic selected: test1 obj: <ui.components.roundNodeGraphic.RoundNodeGrphic object at 0x00000218CCA53E30>
2025-05-17 15:54:20 core\tools\utils\simpleLogger.py:29 INFO     graphic diselected: test1
2025-05-17 15:54:20 core\tools\utils\simpleLogger.py:29 INFO     graphic diselected: test2
2025-05-17 15:54:21 core\tools\utils\simpleLogger.py:29 INFO     graphic selected: test1 obj: <ui.components.roundNodeGraphic.RoundNodeGrphic object at 0x00000218CCA53E30>
2025-05-17 15:54:21 core\tools\utils\simpleLogger.py:29 INFO     graphic selected: test1 obj: <ui.components.roundNodeGraphic.RoundNodeGrphic object at 0x00000218CCA53E30>
2025-05-17 15:54:23 core\tools\utils\simpleLogger.py:29 INFO     graphic diselected: test1
2025-05-17 15:54:23 core\tools\utils\simpleLogger.py:29 INFO     graphic diselected: test2
2025-05-17 15:54:24 core\tools\utils\simpleLogger.py:29 INFO     graphic selected: test2 obj: <ui.components.roundNodeGraphic.RoundNodeGrphic object at 0x00000218CCA53EC0>
2025-05-17 15:54:25 core\tools\utils\simpleLogger.py:29 INFO     graphic diselected: test1
2025-05-17 15:54:25 core\tools\utils\simpleLogger.py:29 INFO     graphic diselected: test2
2025-05-17 15:54:46 core\tools\utils\simpleLogger.py:29 INFO     created round graphic borderColor: #000000, fillColor: #0000ff, pos: (-100, -100), radius: 200
2025-05-17 15:54:46 core\tools\utils\simpleLogger.py:29 INFO     created round graphic borderColor: #eeffff, fillColor: #000000, pos: (-50, -50), radius: 100
2025-05-17 15:54:46 core\tools\utils\simpleLogger.py:29 INFO     graphic selected: test2 obj: <ui.components.roundNodeGraphic.RoundNodeGrphic object at 0x00000152FF473EC0>
2025-05-17 15:54:47 core\tools\utils\simpleLogger.py:29 INFO     graphic diselected: test2
2025-05-17 15:54:48 core\tools\utils\simpleLogger.py:29 INFO     graphic selected: test1 obj: <ui.components.roundNodeGraphic.RoundNodeGrphic object at 0x00000152FF473E30>
2025-05-17 15:54:48 core\tools\utils\simpleLogger.py:29 INFO     graphic diselected: test1
2025-05-17 15:54:49 core\tools\utils\simpleLogger.py:29 INFO     graphic selected: test1 obj: <ui.components.roundNodeGraphic.RoundNodeGrphic object at 0x00000152FF473E30>
2025-05-17 15:54:50 core\tools\utils\simpleLogger.py:29 INFO     graphic selected: test2 obj: <ui.components.roundNodeGraphic.RoundNodeGrphic object at 0x00000152FF473EC0>
