2025-05-18 03:45:19 core\tools\utils\simpleLogger.py:29                INFO     created node root graphic, parent none, pos: (0, 0), radius: 30
2025-05-18 03:45:19 core\tools\utils\simpleLogger.py:29                INFO     graphic selected: root
2025-05-18 03:45:19 core\tools\utils\simpleLogger.py:29                INFO     move root: PyQt5.QtCore.QPointF() -> PyQt5.QtCore.QPointF(-106.0, -187.0), parent: None
2025-05-18 03:45:20 core\tools\utils\simpleLogger.py:29                INFO     get node root position: PyQt5.QtCore.QPointF(-106.0, -187.0)
2025-05-18 03:45:20 core\tools\utils\simpleLogger.py:29                INFO     created node 2680b104-c01e-4e93-ab92-c0a7d88c04df graphic, parent root, pos: (-106.0, -87.0), radius: 30
2025-05-18 03:45:22 core\tools\utils\simpleLogger.py:29                INFO     graphic selected: 2680b104-c01e-4e93-ab92-c0a7d88c04df
2025-05-18 03:45:22 core\tools\utils\simpleLogger.py:29                INFO     move 2680b104-c01e-4e93-ab92-c0a7d88c04df: PyQt5.QtCore.QPointF(-106.0, -87.0) -> PyQt5.QtCore.QPointF(-106.0, -87.0), parent: None
2025-05-18 03:45:23 core\tools\utils\simpleLogger.py:29                INFO     get node 2680b104-c01e-4e93-ab92-c0a7d88c04df position: PyQt5.QtCore.QPointF(-106.0, -87.0)
2025-05-18 03:45:23 core\tools\utils\simpleLogger.py:29                INFO     created node a8e51ddb-0a58-4dd8-b0ba-856b5dca5dd6 graphic, parent 2680b104-c01e-4e93-ab92-c0a7d88c04df, pos: (-106.0, 13.0), radius: 30
2025-05-18 03:45:24 core\tools\utils\simpleLogger.py:29                INFO     get node 2680b104-c01e-4e93-ab92-c0a7d88c04df position: PyQt5.QtCore.QPointF(-106.0, -87.0)
2025-05-18 03:45:24 core\tools\utils\simpleLogger.py:29                INFO     created node 8358f8fb-f7c1-48f4-92ab-89a7a5828c4e graphic, parent 2680b104-c01e-4e93-ab92-c0a7d88c04df, pos: (-106.0, 13.0), radius: 30
2025-05-18 03:45:25 core\tools\utils\simpleLogger.py:29                INFO     graphic selected: 8358f8fb-f7c1-48f4-92ab-89a7a5828c4e
2025-05-18 03:45:25 core\tools\utils\simpleLogger.py:29                INFO     move 8358f8fb-f7c1-48f4-92ab-89a7a5828c4e: PyQt5.QtCore.QPointF(-106.0, 13.0) -> PyQt5.QtCore.QPointF(-177.0, 9.0), parent: None
2025-05-18 03:45:27 core\tools\utils\simpleLogger.py:29                INFO     graphic selected: 2680b104-c01e-4e93-ab92-c0a7d88c04df
2025-05-18 03:45:27 core\tools\utils\simpleLogger.py:29                INFO     move 2680b104-c01e-4e93-ab92-c0a7d88c04df: PyQt5.QtCore.QPointF(-106.0, -87.0) -> PyQt5.QtCore.QPointF(-106.0, -87.0), parent: None
2025-05-18 03:56:17 core\tools\utils\simpleLogger.py:29                INFO     created node root graphic, parent none, pos: (0, 0), radius: 30
2025-05-18 03:56:18 core\tools\utils\simpleLogger.py:29                INFO     graphic selected: root
2025-05-18 03:56:18 core\tools\utils\simpleLogger.py:29                INFO     move root: PyQt5.QtCore.QPointF() -> PyQt5.QtCore.QPointF(-102.0, -150.0), parent: None
2025-05-18 03:56:20 core\tools\utils\simpleLogger.py:29                INFO     get node root position: PyQt5.QtCore.QPointF(-102.0, -150.0)
2025-05-18 03:56:20 core\tools\utils\simpleLogger.py:29                INFO     created node 1843a01f-9996-460c-9a8c-e1fe71bca7de graphic, parent root, pos: (-102.0, -50.0), radius: 30
2025-05-18 03:56:21 core\tools\utils\simpleLogger.py:29                INFO     graphic selected: 1843a01f-9996-460c-9a8c-e1fe71bca7de
2025-05-18 03:56:21 core\tools\utils\simpleLogger.py:29                INFO     move 1843a01f-9996-460c-9a8c-e1fe71bca7de: PyQt5.QtCore.QPointF(-102.0, -50.0) -> PyQt5.QtCore.QPointF(-102.0, -50.0), parent: None
2025-05-18 03:56:22 core\tools\utils\simpleLogger.py:29                INFO     remove node 1843a01f-9996-460c-9a8c-e1fe71bca7de graphic, pos: (-102.0, -50.0), radius: 30.0
2025-05-18 03:56:22 core\tools\utils\simpleLogger.py:29                INFO     graphic selected: root
2025-05-18 03:56:23 core\tools\utils\simpleLogger.py:29                INFO     move root: PyQt5.QtCore.QPointF(-102.0, -150.0) -> PyQt5.QtCore.QPointF(-102.0, -150.0), parent: None
2025-05-18 03:56:23 core\tools\utils\simpleLogger.py:29                INFO     get node root position: PyQt5.QtCore.QPointF(-102.0, -150.0)
2025-05-18 03:56:23 core\tools\utils\simpleLogger.py:29                INFO     created node 80a2381d-da7c-4339-9333-49ecd783d80a graphic, parent root, pos: (-102.0, -50.0), radius: 30
2025-05-18 03:56:27 core\tools\utils\simpleLogger.py:29                INFO     graphic selected: root
2025-05-18 03:56:27 core\tools\utils\simpleLogger.py:29                INFO     move root: PyQt5.QtCore.QPointF(-102.0, -150.0) -> PyQt5.QtCore.QPointF(-102.0, -150.0), parent: None
2025-05-18 03:56:28 core\tools\utils\simpleLogger.py:29                INFO     get node root position: PyQt5.QtCore.QPointF(-102.0, -150.0)
2025-05-18 03:56:28 core\tools\utils\simpleLogger.py:29                INFO     created node c148bb66-6ba4-4f6f-b497-5eea83ca314a graphic, parent root, pos: (-102.0, -50.0), radius: 30
2025-05-18 03:56:29 core\tools\utils\simpleLogger.py:29                INFO     graphic selected: c148bb66-6ba4-4f6f-b497-5eea83ca314a
2025-05-18 03:56:29 core\tools\utils\simpleLogger.py:29                INFO     move c148bb66-6ba4-4f6f-b497-5eea83ca314a: PyQt5.QtCore.QPointF(-102.0, -50.0) -> PyQt5.QtCore.QPointF(-33.0, -60.0), parent: None
2025-05-18 03:56:31 core\tools\utils\simpleLogger.py:29                INFO     get node c148bb66-6ba4-4f6f-b497-5eea83ca314a position: PyQt5.QtCore.QPointF(-33.0, -60.0)
2025-05-18 03:56:32 core\tools\utils\simpleLogger.py:29                INFO     created node fda8a4ab-63fb-424e-935b-1805f1c4f0e2 graphic, parent c148bb66-6ba4-4f6f-b497-5eea83ca314a, pos: (-33.0, 40.0), radius: 30
2025-05-18 03:59:07 core\tools\utils\simpleLogger.py:29                INFO     s<core.algorithms.dag.DAG object at 0x000002357F8AFEF0>
2025-05-18 03:59:28 core\tools\utils\simpleLogger.py:29                INFO     {'graph': OrderedDict({'eafe9ae3': set(), '49f72a87': {'eafe9ae3'}, 'dea15880': {'49f72a87'}, 'c190cd26': {'dea15880'}, 'acb92320': {'c190cd26'}, '11b78063': set(), 'fb39fceb': set(), 'd39ff3ff': {'acb92320', '11b78063', 'fb39fceb'}, '3accef89': {'d39ff3ff'}, 'dc303f02': {'3accef89'}})}
2025-05-18 04:00:53 core\tools\utils\simpleLogger.py:29                INFO     graph, OrderedDict({'eafe9ae3': set(), '49f72a87': {'eafe9ae3'}, 'dea15880': {'49f72a87'}, 'c190cd26': {'dea15880'}, 'acb92320': {'c190cd26'}, '11b78063': set(), 'fb39fceb': set(), 'd39ff3ff': {'acb92320', 'fb39fceb', '11b78063'}, '3accef89': {'d39ff3ff'}, 'dc303f02': {'3accef89'}})
2025-05-18 04:01:41 core\tools\utils\simpleLogger.py:29                INFO     eafe9ae3, set()
2025-05-18 04:01:41 core\tools\utils\simpleLogger.py:29                INFO     49f72a87, {'eafe9ae3'}
2025-05-18 04:01:41 core\tools\utils\simpleLogger.py:29                INFO     dea15880, {'49f72a87'}
2025-05-18 04:01:41 core\tools\utils\simpleLogger.py:29                INFO     c190cd26, {'dea15880'}
2025-05-18 04:01:41 core\tools\utils\simpleLogger.py:29                INFO     acb92320, {'c190cd26'}
2025-05-18 04:01:41 core\tools\utils\simpleLogger.py:29                INFO     11b78063, set()
2025-05-18 04:01:41 core\tools\utils\simpleLogger.py:29                INFO     fb39fceb, set()
2025-05-18 04:01:41 core\tools\utils\simpleLogger.py:29                INFO     d39ff3ff, {'acb92320', 'fb39fceb', '11b78063'}
2025-05-18 04:01:41 core\tools\utils\simpleLogger.py:29                INFO     3accef89, {'d39ff3ff'}
2025-05-18 04:01:41 core\tools\utils\simpleLogger.py:29                INFO     dc303f02, {'3accef89'}
2025-05-18 04:11:39 core\tools\utils\simpleLogger.py:29                INFO     eafe9ae3, set()
2025-05-18 04:11:39 core\tools\utils\simpleLogger.py:29                INFO     49f72a87, {'eafe9ae3'}
2025-05-18 04:11:39 core\tools\utils\simpleLogger.py:29                INFO     dea15880, {'49f72a87'}
2025-05-18 04:11:39 core\tools\utils\simpleLogger.py:29                INFO     c190cd26, {'dea15880'}
2025-05-18 04:11:39 core\tools\utils\simpleLogger.py:29                INFO     acb92320, {'c190cd26'}
2025-05-18 04:11:39 core\tools\utils\simpleLogger.py:29                INFO     11b78063, set()
2025-05-18 04:11:39 core\tools\utils\simpleLogger.py:29                INFO     fb39fceb, set()
2025-05-18 04:11:39 core\tools\utils\simpleLogger.py:29                INFO     d39ff3ff, {'fb39fceb', 'acb92320', '11b78063'}
2025-05-18 04:11:39 core\tools\utils\simpleLogger.py:29                INFO     3accef89, {'d39ff3ff'}
2025-05-18 04:11:39 core\tools\utils\simpleLogger.py:29                INFO     dc303f02, {'3accef89'}
2025-05-18 04:13:16 core\tools\utils\simpleLogger.py:29                INFO     created node 49f72a87 graphic, parent none, pos: (-100, -100), radius: 30
2025-05-18 04:13:16 core\tools\utils\simpleLogger.py:29                INFO     get node 49f72a87 graphic position: PyQt5.QtCore.QPointF(-100.0, -100.0)
2025-05-18 04:13:16 core\tools\utils\simpleLogger.py:29                INFO     created node dea15880 graphic, parent none, pos: (-100.0, 0.0), radius: 30
2025-05-18 04:13:16 core\tools\utils\simpleLogger.py:29                INFO     get node dea15880 graphic position: PyQt5.QtCore.QPointF(-100.0, 0.0)
2025-05-18 04:13:16 core\tools\utils\simpleLogger.py:29                INFO     created node c190cd26 graphic, parent none, pos: (-100.0, 100.0), radius: 30
2025-05-18 04:13:16 core\tools\utils\simpleLogger.py:29                INFO     get node c190cd26 graphic position: PyQt5.QtCore.QPointF(-100.0, 100.0)
2025-05-18 04:13:16 core\tools\utils\simpleLogger.py:29                INFO     created node acb92320 graphic, parent none, pos: (-100.0, 200.0), radius: 30
2025-05-18 04:13:16 core\tools\utils\simpleLogger.py:29                INFO     created node d39ff3ff graphic, parent none, pos: (-100, -100), radius: 30
2025-05-18 04:13:16 core\tools\utils\simpleLogger.py:29                INFO     created node d39ff3ff graphic, parent none, pos: (-100, -100), radius: 30
2025-05-18 04:13:16 core\tools\utils\simpleLogger.py:29                INFO     get node acb92320 graphic position: PyQt5.QtCore.QPointF(-100.0, 200.0)
2025-05-18 04:13:16 core\tools\utils\simpleLogger.py:29                INFO     created node d39ff3ff graphic, parent none, pos: (-100.0, 300.0), radius: 30
2025-05-18 04:13:16 core\tools\utils\simpleLogger.py:29                INFO     get node d39ff3ff graphic position: PyQt5.QtCore.QPointF(-100.0, 300.0)
2025-05-18 04:13:16 core\tools\utils\simpleLogger.py:29                INFO     created node 3accef89 graphic, parent none, pos: (-100.0, 400.0), radius: 30
2025-05-18 04:13:16 core\tools\utils\simpleLogger.py:29                INFO     get node 3accef89 graphic position: PyQt5.QtCore.QPointF(-100.0, 400.0)
2025-05-18 04:13:16 core\tools\utils\simpleLogger.py:29                INFO     created node dc303f02 graphic, parent none, pos: (-100.0, 500.0), radius: 30
2025-05-18 04:13:20 core\tools\utils\simpleLogger.py:29                INFO     node selected: dea15880
2025-05-18 04:13:21 core\tools\utils\simpleLogger.py:29                INFO     move dea15880: PyQt5.QtCore.QPointF(-100.0, 0.0) -> PyQt5.QtCore.QPointF(-102.39999999999998, -2.4000000000000004), parent: None
2025-05-18 04:13:22 core\tools\utils\simpleLogger.py:29                INFO     node selected: c190cd26
2025-05-18 04:13:23 core\tools\utils\simpleLogger.py:29                INFO     move c190cd26: PyQt5.QtCore.QPointF(-100.0, 100.0) -> PyQt5.QtCore.QPointF(-101.19999999999997, 98.80000000000001), parent: None
2025-05-18 04:13:23 core\tools\utils\simpleLogger.py:29                INFO     node selected: acb92320
2025-05-18 04:13:24 core\tools\utils\simpleLogger.py:29                INFO     move acb92320: PyQt5.QtCore.QPointF(-100.0, 200.0) -> PyQt5.QtCore.QPointF(-98.80000000000001, 203.6), parent: None
2025-05-18 04:13:24 core\tools\utils\simpleLogger.py:29                INFO     node diselected: acb92320
2025-05-18 04:13:25 core\tools\utils\simpleLogger.py:29                INFO     node selected: d39ff3ff
2025-05-18 04:13:26 core\tools\utils\simpleLogger.py:29                INFO     move d39ff3ff: PyQt5.QtCore.QPointF(-100.0, 300.0) -> PyQt5.QtCore.QPointF(-103.60000000000001, 308.40000000000003), parent: None
2025-05-18 04:13:26 core\tools\utils\simpleLogger.py:29                INFO     node selected: 3accef89
2025-05-18 04:13:27 core\tools\utils\simpleLogger.py:29                INFO     move 3accef89: PyQt5.QtCore.QPointF(-100.0, 400.0) -> PyQt5.QtCore.QPointF(-97.59999999999998, 401.2), parent: None
2025-05-18 04:13:27 core\tools\utils\simpleLogger.py:29                INFO     node selected: dc303f02
2025-05-18 04:13:28 core\tools\utils\simpleLogger.py:29                INFO     move dc303f02: PyQt5.QtCore.QPointF(-100.0, 500.0) -> PyQt5.QtCore.QPointF(-101.19999999999997, 497.6), parent: None
2025-05-18 04:13:28 core\tools\utils\simpleLogger.py:29                INFO     node diselected: dc303f02
2025-05-18 04:13:42 core\tools\utils\simpleLogger.py:29                INFO     created node 49f72a87 graphic, parent none, pos: (-100, -100), radius: 30
2025-05-18 04:13:42 core\tools\utils\simpleLogger.py:29                INFO     get node 49f72a87 graphic position: PyQt5.QtCore.QPointF(-100.0, -100.0)
2025-05-18 04:13:42 core\tools\utils\simpleLogger.py:29                INFO     created node dea15880 graphic, parent none, pos: (-100.0, 0.0), radius: 30
2025-05-18 04:13:42 core\tools\utils\simpleLogger.py:29                INFO     get node dea15880 graphic position: PyQt5.QtCore.QPointF(-100.0, 0.0)
2025-05-18 04:13:42 core\tools\utils\simpleLogger.py:29                INFO     created node c190cd26 graphic, parent none, pos: (-100.0, 100.0), radius: 30
2025-05-18 04:13:42 core\tools\utils\simpleLogger.py:29                INFO     get node c190cd26 graphic position: PyQt5.QtCore.QPointF(-100.0, 100.0)
2025-05-18 04:13:42 core\tools\utils\simpleLogger.py:29                INFO     created node acb92320 graphic, parent none, pos: (-100.0, 200.0), radius: 30
2025-05-18 04:13:42 core\tools\utils\simpleLogger.py:29                INFO     get node acb92320 graphic position: PyQt5.QtCore.QPointF(-100.0, 200.0)
2025-05-18 04:13:42 core\tools\utils\simpleLogger.py:29                INFO     created node d39ff3ff graphic, parent none, pos: (-100.0, 300.0), radius: 30
2025-05-18 04:13:42 core\tools\utils\simpleLogger.py:29                INFO     created node d39ff3ff graphic, parent none, pos: (-100, -100), radius: 30
2025-05-18 04:13:42 core\tools\utils\simpleLogger.py:29                INFO     created node d39ff3ff graphic, parent none, pos: (-100, -100), radius: 30
2025-05-18 04:13:42 core\tools\utils\simpleLogger.py:29                INFO     get node d39ff3ff graphic position: PyQt5.QtCore.QPointF(-100.0, -100.0)
2025-05-18 04:13:42 core\tools\utils\simpleLogger.py:29                INFO     created node 3accef89 graphic, parent none, pos: (-100.0, 0.0), radius: 30
2025-05-18 04:13:42 core\tools\utils\simpleLogger.py:29                INFO     get node 3accef89 graphic position: PyQt5.QtCore.QPointF(-100.0, 0.0)
2025-05-18 04:13:42 core\tools\utils\simpleLogger.py:29                INFO     created node dc303f02 graphic, parent none, pos: (-100.0, 100.0), radius: 30
2025-05-18 04:14:21 core\tools\utils\simpleLogger.py:29                INFO     created node 49f72a87 graphic, parent none, pos: (-100, -100), radius: 30
2025-05-18 04:14:21 core\tools\utils\simpleLogger.py:29                INFO     get node 49f72a87 graphic position: PyQt5.QtCore.QPointF(-100.0, -100.0)
2025-05-18 04:14:21 core\tools\utils\simpleLogger.py:29                INFO     created node dea15880 graphic, parent 49f72a87, pos: (-100.0, 0.0), radius: 30
2025-05-18 04:14:21 core\tools\utils\simpleLogger.py:29                INFO     get node dea15880 graphic position: PyQt5.QtCore.QPointF(-100.0, 0.0)
2025-05-18 04:14:21 core\tools\utils\simpleLogger.py:29                INFO     created node c190cd26 graphic, parent dea15880, pos: (-100.0, 100.0), radius: 30
2025-05-18 04:14:21 core\tools\utils\simpleLogger.py:29                INFO     get node c190cd26 graphic position: PyQt5.QtCore.QPointF(-100.0, 100.0)
2025-05-18 04:14:22 core\tools\utils\simpleLogger.py:29                INFO     created node acb92320 graphic, parent c190cd26, pos: (-100.0, 200.0), radius: 30
2025-05-18 04:14:22 core\tools\utils\simpleLogger.py:29                INFO     created node d39ff3ff graphic, parent none, pos: (-100, -100), radius: 30
2025-05-18 04:14:22 core\tools\utils\simpleLogger.py:29                INFO     created node d39ff3ff graphic, parent none, pos: (-100, -100), radius: 30
2025-05-18 04:14:22 core\tools\utils\simpleLogger.py:29                INFO     get node acb92320 graphic position: PyQt5.QtCore.QPointF(-100.0, 200.0)
2025-05-18 04:14:22 core\tools\utils\simpleLogger.py:29                INFO     created node d39ff3ff graphic, parent acb92320, pos: (-100.0, 300.0), radius: 30
2025-05-18 04:14:22 core\tools\utils\simpleLogger.py:29                INFO     get node d39ff3ff graphic position: PyQt5.QtCore.QPointF(-100.0, 300.0)
2025-05-18 04:14:22 core\tools\utils\simpleLogger.py:29                INFO     created node 3accef89 graphic, parent d39ff3ff, pos: (-100.0, 400.0), radius: 30
2025-05-18 04:14:22 core\tools\utils\simpleLogger.py:29                INFO     get node 3accef89 graphic position: PyQt5.QtCore.QPointF(-100.0, 400.0)
2025-05-18 04:14:22 core\tools\utils\simpleLogger.py:29                INFO     created node dc303f02 graphic, parent 3accef89, pos: (-100.0, 500.0), radius: 30
2025-05-18 04:14:23 core\tools\utils\simpleLogger.py:29                INFO     node selected: dea15880
2025-05-18 04:14:24 core\tools\utils\simpleLogger.py:29                INFO     move dea15880: PyQt5.QtCore.QPointF(-100.0, 0.0) -> PyQt5.QtCore.QPointF(-98.0, 4.0), parent: None
2025-05-18 04:14:25 core\tools\utils\simpleLogger.py:29                INFO     node selected: d39ff3ff
2025-05-18 04:14:26 core\tools\utils\simpleLogger.py:29                INFO     move d39ff3ff: PyQt5.QtCore.QPointF(-100.0, -100.0) -> PyQt5.QtCore.QPointF(-16.0, -102.0), parent: None
2025-05-18 04:14:26 core\tools\utils\simpleLogger.py:29                INFO     node selected: d39ff3ff
2025-05-18 04:14:27 core\tools\utils\simpleLogger.py:29                INFO     move d39ff3ff: PyQt5.QtCore.QPointF(-100.0, -100.0) -> PyQt5.QtCore.QPointF(-173.0, -102.0), parent: None
2025-05-18 04:14:41 core\tools\utils\simpleLogger.py:29                INFO     created node 49f72a87 graphic, parent none, pos: (-100, -100), radius: 30
2025-05-18 04:14:42 core\tools\utils\simpleLogger.py:29                INFO     get node 49f72a87 graphic position: PyQt5.QtCore.QPointF(-100.0, -100.0)
2025-05-18 04:14:42 core\tools\utils\simpleLogger.py:29                INFO     created node dea15880 graphic, parent 49f72a87, pos: (-100.0, 0.0), radius: 30
2025-05-18 04:14:42 core\tools\utils\simpleLogger.py:29                INFO     get node dea15880 graphic position: PyQt5.QtCore.QPointF(-100.0, 0.0)
2025-05-18 04:14:42 core\tools\utils\simpleLogger.py:29                INFO     created node c190cd26 graphic, parent dea15880, pos: (-100.0, 100.0), radius: 30
2025-05-18 04:14:42 core\tools\utils\simpleLogger.py:29                INFO     get node c190cd26 graphic position: PyQt5.QtCore.QPointF(-100.0, 100.0)
2025-05-18 04:14:42 core\tools\utils\simpleLogger.py:29                INFO     created node acb92320 graphic, parent c190cd26, pos: (-100.0, 200.0), radius: 30
2025-05-18 04:14:42 core\tools\utils\simpleLogger.py:29                INFO     created node d39ff3ff graphic, parent none, pos: (-100, -100), radius: 30
2025-05-18 04:14:42 core\tools\utils\simpleLogger.py:29                INFO     get node acb92320 graphic position: PyQt5.QtCore.QPointF(-100.0, 200.0)
2025-05-18 04:14:42 core\tools\utils\simpleLogger.py:29                INFO     created node d39ff3ff graphic, parent acb92320, pos: (-100.0, 300.0), radius: 30
2025-05-18 04:14:42 core\tools\utils\simpleLogger.py:29                INFO     created node d39ff3ff graphic, parent none, pos: (-100, -100), radius: 30
2025-05-18 04:14:42 core\tools\utils\simpleLogger.py:29                INFO     get node d39ff3ff graphic position: PyQt5.QtCore.QPointF(-100.0, -100.0)
2025-05-18 04:14:42 core\tools\utils\simpleLogger.py:29                INFO     created node 3accef89 graphic, parent d39ff3ff, pos: (-100.0, 0.0), radius: 30
2025-05-18 04:14:42 core\tools\utils\simpleLogger.py:29                INFO     get node 3accef89 graphic position: PyQt5.QtCore.QPointF(-100.0, 0.0)
2025-05-18 04:14:42 core\tools\utils\simpleLogger.py:29                INFO     created node dc303f02 graphic, parent 3accef89, pos: (-100.0, 100.0), radius: 30
2025-05-18 04:14:43 core\tools\utils\simpleLogger.py:29                INFO     node selected: d39ff3ff
2025-05-18 04:14:44 core\tools\utils\simpleLogger.py:29                INFO     move d39ff3ff: PyQt5.QtCore.QPointF(-100.0, 300.0) -> PyQt5.QtCore.QPointF(-105.0, 301.0), parent: None
2025-05-18 04:14:44 core\tools\utils\simpleLogger.py:29                INFO     node selected: acb92320
2025-05-18 04:14:45 core\tools\utils\simpleLogger.py:29                INFO     move acb92320: PyQt5.QtCore.QPointF(-100.0, 200.0) -> PyQt5.QtCore.QPointF(-103.0, 206.0), parent: None
2025-05-18 04:14:45 core\tools\utils\simpleLogger.py:29                INFO     node selected: dc303f02
2025-05-18 04:14:46 core\tools\utils\simpleLogger.py:29                INFO     move dc303f02: PyQt5.QtCore.QPointF(-100.0, 100.0) -> PyQt5.QtCore.QPointF(-29.0, 100.0), parent: None
2025-05-18 04:14:46 core\tools\utils\simpleLogger.py:29                INFO     node selected: c190cd26
2025-05-18 04:14:47 core\tools\utils\simpleLogger.py:29                INFO     move c190cd26: PyQt5.QtCore.QPointF(-100.0, 100.0) -> PyQt5.QtCore.QPointF(-103.0, 101.0), parent: None
2025-05-18 04:14:47 core\tools\utils\simpleLogger.py:29                INFO     node selected: 3accef89
2025-05-18 04:14:48 core\tools\utils\simpleLogger.py:29                INFO     move 3accef89: PyQt5.QtCore.QPointF(-100.0, 0.0) -> PyQt5.QtCore.QPointF(-26.0, 0.0), parent: None
2025-05-18 04:14:48 core\tools\utils\simpleLogger.py:29                INFO     node selected: dea15880
2025-05-18 04:14:49 core\tools\utils\simpleLogger.py:29                INFO     move dea15880: PyQt5.QtCore.QPointF(-100.0, 0.0) -> PyQt5.QtCore.QPointF(-112.0, 1.0), parent: None
2025-05-18 04:14:50 core\tools\utils\simpleLogger.py:29                INFO     node diselected: dea15880
2025-05-18 04:14:50 core\tools\utils\simpleLogger.py:29                INFO     node selected: d39ff3ff
2025-05-18 04:14:51 core\tools\utils\simpleLogger.py:29                INFO     move d39ff3ff: PyQt5.QtCore.QPointF(-100.0, -100.0) -> PyQt5.QtCore.QPointF(-22.0, -100.0), parent: None
2025-05-18 04:14:51 core\tools\utils\simpleLogger.py:29                INFO     node selected: d39ff3ff
2025-05-18 04:14:52 core\tools\utils\simpleLogger.py:29                INFO     move d39ff3ff: PyQt5.QtCore.QPointF(-100.0, -100.0) -> PyQt5.QtCore.QPointF(-195.0, -101.0), parent: None
2025-05-18 04:15:41 core\tools\utils\simpleLogger.py:29                INFO     created node 49f72a87 graphic, parent none, pos: (-100, -100), radius: 30
2025-05-18 04:15:41 core\tools\utils\simpleLogger.py:29                INFO     get node 49f72a87 graphic position: PyQt5.QtCore.QPointF(-100.0, -100.0)
2025-05-18 04:15:41 core\tools\utils\simpleLogger.py:29                INFO     created node dea15880 graphic, parent 49f72a87, pos: (-100.0, 0.0), radius: 30
2025-05-18 04:15:41 core\tools\utils\simpleLogger.py:29                INFO     get node dea15880 graphic position: PyQt5.QtCore.QPointF(-100.0, 0.0)
2025-05-18 04:15:41 core\tools\utils\simpleLogger.py:29                INFO     created node c190cd26 graphic, parent dea15880, pos: (-100.0, 100.0), radius: 30
2025-05-18 04:15:41 core\tools\utils\simpleLogger.py:29                INFO     get node c190cd26 graphic position: PyQt5.QtCore.QPointF(-100.0, 100.0)
2025-05-18 04:15:41 core\tools\utils\simpleLogger.py:29                INFO     created node acb92320 graphic, parent c190cd26, pos: (-100.0, 200.0), radius: 30
2025-05-18 04:15:41 core\tools\utils\simpleLogger.py:29                INFO     created node d39ff3ff graphic, parent none, pos: (-100, -100), radius: 30
2025-05-18 04:15:41 core\tools\utils\simpleLogger.py:29                INFO     created node d39ff3ff graphic, parent none, pos: (-100, -100), radius: 30
2025-05-18 04:15:41 core\tools\utils\simpleLogger.py:29                INFO     get node acb92320 graphic position: PyQt5.QtCore.QPointF(-100.0, 200.0)
2025-05-18 04:15:41 core\tools\utils\simpleLogger.py:29                INFO     created node d39ff3ff graphic, parent acb92320, pos: (-100.0, 300.0), radius: 30
2025-05-18 04:15:41 core\tools\utils\simpleLogger.py:29                INFO     get node d39ff3ff graphic position: PyQt5.QtCore.QPointF(-100.0, 300.0)
2025-05-18 04:15:41 core\tools\utils\simpleLogger.py:29                INFO     created node 3accef89 graphic, parent d39ff3ff, pos: (-100.0, 400.0), radius: 30
2025-05-18 04:15:41 core\tools\utils\simpleLogger.py:29                INFO     get node 3accef89 graphic position: PyQt5.QtCore.QPointF(-100.0, 400.0)
2025-05-18 04:15:41 core\tools\utils\simpleLogger.py:29                INFO     created node dc303f02 graphic, parent 3accef89, pos: (-100.0, 500.0), radius: 30
2025-05-18 04:15:56 core\tools\utils\simpleLogger.py:29                INFO     created node 49f72a87 graphic, parent none, pos: (-100, -100), radius: 30
2025-05-18 04:15:56 core\tools\utils\simpleLogger.py:29                INFO     get node 49f72a87 graphic position: PyQt5.QtCore.QPointF(-100.0, -100.0)
2025-05-18 04:15:56 core\tools\utils\simpleLogger.py:29                INFO     created node dea15880 graphic, parent 49f72a87, pos: (-100.0, 0.0), radius: 30
2025-05-18 04:15:56 core\tools\utils\simpleLogger.py:29                INFO     get node dea15880 graphic position: PyQt5.QtCore.QPointF(-100.0, 0.0)
2025-05-18 04:15:56 core\tools\utils\simpleLogger.py:29                INFO     created node c190cd26 graphic, parent dea15880, pos: (-100.0, 100.0), radius: 30
2025-05-18 04:15:56 core\tools\utils\simpleLogger.py:29                INFO     get node c190cd26 graphic position: PyQt5.QtCore.QPointF(-100.0, 100.0)
2025-05-18 04:15:56 core\tools\utils\simpleLogger.py:29                INFO     created node acb92320 graphic, parent c190cd26, pos: (-100.0, 200.0), radius: 30
2025-05-18 04:15:56 core\tools\utils\simpleLogger.py:29                INFO     get node acb92320 graphic position: PyQt5.QtCore.QPointF(-100.0, 200.0)
2025-05-18 04:15:56 core\tools\utils\simpleLogger.py:29                INFO     created node d39ff3ff graphic, parent acb92320, pos: (-100.0, 300.0), radius: 30
2025-05-18 04:15:56 core\tools\utils\simpleLogger.py:29                INFO     created node d39ff3ff graphic, parent none, pos: (-100, -100), radius: 30
2025-05-18 04:15:56 core\tools\utils\simpleLogger.py:29                INFO     created node d39ff3ff graphic, parent none, pos: (-100, -100), radius: 30
2025-05-18 04:15:56 core\tools\utils\simpleLogger.py:29                INFO     get node d39ff3ff graphic position: PyQt5.QtCore.QPointF(-100.0, -100.0)
2025-05-18 04:15:56 core\tools\utils\simpleLogger.py:29                INFO     created node 3accef89 graphic, parent d39ff3ff, pos: (-100.0, 0.0), radius: 30
2025-05-18 04:15:56 core\tools\utils\simpleLogger.py:29                INFO     get node 3accef89 graphic position: PyQt5.QtCore.QPointF(-100.0, 0.0)
2025-05-18 04:15:56 core\tools\utils\simpleLogger.py:29                INFO     created node dc303f02 graphic, parent 3accef89, pos: (-100.0, 100.0), radius: 30
2025-05-18 04:16:52 core\tools\utils\simpleLogger.py:29                INFO     created node dc303f02 graphic, parent none, pos: (-100, -100), radius: 30
2025-05-18 04:16:52 core\tools\utils\simpleLogger.py:29                INFO     created node 3accef89 graphic, parent none, pos: (-100, -100), radius: 30
2025-05-18 04:16:52 core\tools\utils\simpleLogger.py:29                INFO     created node d39ff3ff graphic, parent none, pos: (-100, -100), radius: 30
2025-05-18 04:16:52 core\tools\utils\simpleLogger.py:29                INFO     created node d39ff3ff graphic, parent none, pos: (-100, -100), radius: 30
2025-05-18 04:16:52 core\tools\utils\simpleLogger.py:29                INFO     created node d39ff3ff graphic, parent none, pos: (-100, -100), radius: 30
2025-05-18 04:16:52 core\tools\utils\simpleLogger.py:29                INFO     created node acb92320 graphic, parent none, pos: (-100, -100), radius: 30
2025-05-18 04:16:52 core\tools\utils\simpleLogger.py:29                INFO     created node c190cd26 graphic, parent none, pos: (-100, -100), radius: 30
2025-05-18 04:16:52 core\tools\utils\simpleLogger.py:29                INFO     created node dea15880 graphic, parent none, pos: (-100, -100), radius: 30
2025-05-18 04:16:52 core\tools\utils\simpleLogger.py:29                INFO     created node 49f72a87 graphic, parent none, pos: (-100, -100), radius: 30
2025-05-18 04:18:03 core\tools\utils\simpleLogger.py:29                INFO     k: dc303f02, v: {'3accef89'}
2025-05-18 04:18:03 core\tools\utils\simpleLogger.py:29                INFO     created node dc303f02 graphic, parent none, pos: (-100, -100), radius: 30
2025-05-18 04:18:03 core\tools\utils\simpleLogger.py:29                INFO     k: 3accef89, v: {'d39ff3ff'}
2025-05-18 04:18:03 core\tools\utils\simpleLogger.py:29                INFO     created node 3accef89 graphic, parent none, pos: (-100, -100), radius: 30
2025-05-18 04:18:03 core\tools\utils\simpleLogger.py:29                INFO     k: d39ff3ff, v: {'acb92320', 'fb39fceb', '11b78063'}
2025-05-18 04:18:03 core\tools\utils\simpleLogger.py:29                INFO     created node d39ff3ff graphic, parent none, pos: (-100, -100), radius: 30
2025-05-18 04:18:03 core\tools\utils\simpleLogger.py:29                INFO     k: d39ff3ff, v: {'acb92320', 'fb39fceb', '11b78063'}
2025-05-18 04:18:03 core\tools\utils\simpleLogger.py:29                INFO     created node d39ff3ff graphic, parent none, pos: (-100, -100), radius: 30
2025-05-18 04:18:03 core\tools\utils\simpleLogger.py:29                INFO     k: d39ff3ff, v: {'acb92320', 'fb39fceb', '11b78063'}
2025-05-18 04:18:03 core\tools\utils\simpleLogger.py:29                INFO     created node d39ff3ff graphic, parent none, pos: (-100, -100), radius: 30
2025-05-18 04:18:03 core\tools\utils\simpleLogger.py:29                INFO     k: acb92320, v: {'c190cd26'}
2025-05-18 04:18:03 core\tools\utils\simpleLogger.py:29                INFO     created node acb92320 graphic, parent none, pos: (-100, -100), radius: 30
2025-05-18 04:18:03 core\tools\utils\simpleLogger.py:29                INFO     k: c190cd26, v: {'dea15880'}
2025-05-18 04:18:03 core\tools\utils\simpleLogger.py:29                INFO     created node c190cd26 graphic, parent none, pos: (-100, -100), radius: 30
2025-05-18 04:18:03 core\tools\utils\simpleLogger.py:29                INFO     k: dea15880, v: {'49f72a87'}
2025-05-18 04:18:03 core\tools\utils\simpleLogger.py:29                INFO     created node dea15880 graphic, parent none, pos: (-100, -100), radius: 30
2025-05-18 04:18:03 core\tools\utils\simpleLogger.py:29                INFO     k: 49f72a87, v: {'eafe9ae3'}
2025-05-18 04:18:03 core\tools\utils\simpleLogger.py:29                INFO     created node 49f72a87 graphic, parent none, pos: (-100, -100), radius: 30
2025-05-18 04:19:07 core\tools\utils\simpleLogger.py:29                INFO     created node 3accef89 graphic, parent none, pos: (-100, -100), radius: 30
2025-05-18 04:19:07 core\tools\utils\simpleLogger.py:29                INFO     get node 3accef89 graphic position: PyQt5.QtCore.QPointF(-100.0, -100.0)
2025-05-18 04:19:07 core\tools\utils\simpleLogger.py:29                INFO     created node d39ff3ff graphic, parent 3accef89, pos: (-100.0, 0.0), radius: 30
2025-05-18 04:19:07 core\tools\utils\simpleLogger.py:29                INFO     get node d39ff3ff graphic position: PyQt5.QtCore.QPointF(-100.0, 0.0)
2025-05-18 04:19:07 core\tools\utils\simpleLogger.py:29                INFO     created node fb39fceb graphic, parent d39ff3ff, pos: (-100.0, 100.0), radius: 30
2025-05-18 04:19:07 core\tools\utils\simpleLogger.py:29                INFO     get node d39ff3ff graphic position: PyQt5.QtCore.QPointF(-100.0, 0.0)
2025-05-18 04:19:08 core\tools\utils\simpleLogger.py:29                INFO     created node 11b78063 graphic, parent d39ff3ff, pos: (-100.0, 100.0), radius: 30
2025-05-18 04:19:08 core\tools\utils\simpleLogger.py:29                INFO     get node d39ff3ff graphic position: PyQt5.QtCore.QPointF(-100.0, 0.0)
2025-05-18 04:19:08 core\tools\utils\simpleLogger.py:29                INFO     created node acb92320 graphic, parent d39ff3ff, pos: (-100.0, 100.0), radius: 30
2025-05-18 04:19:08 core\tools\utils\simpleLogger.py:29                INFO     get node acb92320 graphic position: PyQt5.QtCore.QPointF(-100.0, 100.0)
2025-05-18 04:19:08 core\tools\utils\simpleLogger.py:29                INFO     created node c190cd26 graphic, parent acb92320, pos: (-100.0, 200.0), radius: 30
2025-05-18 04:19:08 core\tools\utils\simpleLogger.py:29                INFO     get node c190cd26 graphic position: PyQt5.QtCore.QPointF(-100.0, 200.0)
2025-05-18 04:19:08 core\tools\utils\simpleLogger.py:29                INFO     created node dea15880 graphic, parent c190cd26, pos: (-100.0, 300.0), radius: 30
2025-05-18 04:19:08 core\tools\utils\simpleLogger.py:29                INFO     get node dea15880 graphic position: PyQt5.QtCore.QPointF(-100.0, 300.0)
2025-05-18 04:19:08 core\tools\utils\simpleLogger.py:29                INFO     created node 49f72a87 graphic, parent dea15880, pos: (-100.0, 400.0), radius: 30
2025-05-18 04:19:08 core\tools\utils\simpleLogger.py:29                INFO     get node 49f72a87 graphic position: PyQt5.QtCore.QPointF(-100.0, 400.0)
2025-05-18 04:19:08 core\tools\utils\simpleLogger.py:29                INFO     created node eafe9ae3 graphic, parent 49f72a87, pos: (-100.0, 500.0), radius: 30
2025-05-18 04:19:11 core\tools\utils\simpleLogger.py:29                INFO     node selected: d39ff3ff
2025-05-18 04:19:12 core\tools\utils\simpleLogger.py:29                INFO     move d39ff3ff: PyQt5.QtCore.QPointF(-100.0, 0.0) -> PyQt5.QtCore.QPointF(-96.40000000000002, -6.000000000000002), parent: None
2025-05-18 04:19:12 core\tools\utils\simpleLogger.py:29                INFO     node selected: 3accef89
2025-05-18 04:19:13 core\tools\utils\simpleLogger.py:29                INFO     move 3accef89: PyQt5.QtCore.QPointF(-100.0, -100.0) -> PyQt5.QtCore.QPointF(-92.80000000000001, -101.19999999999997), parent: None
2025-05-18 04:19:13 core\tools\utils\simpleLogger.py:29                INFO     node selected: acb92320
2025-05-18 04:19:14 core\tools\utils\simpleLogger.py:29                INFO     move acb92320: PyQt5.QtCore.QPointF(-100.0, 100.0) -> PyQt5.QtCore.QPointF(-18.400000000000006, 97.59999999999998), parent: None
2025-05-18 04:19:14 core\tools\utils\simpleLogger.py:29                INFO     node selected: 11b78063
2025-05-18 04:19:15 core\tools\utils\simpleLogger.py:29                INFO     move 11b78063: PyQt5.QtCore.QPointF(-100.0, 100.0) -> PyQt5.QtCore.QPointF(-194.8, 97.6), parent: None
2025-05-18 04:19:15 core\tools\utils\simpleLogger.py:29                INFO     node diselected: 11b78063
2025-05-18 04:19:16 core\tools\utils\simpleLogger.py:29                INFO     node selected: c190cd26
2025-05-18 04:19:17 core\tools\utils\simpleLogger.py:29                INFO     move c190cd26: PyQt5.QtCore.QPointF(-100.0, 200.0) -> PyQt5.QtCore.QPointF(-101.20000000000002, 202.40000000000003), parent: None
2025-05-18 04:19:17 core\tools\utils\simpleLogger.py:29                INFO     node selected: dea15880
2025-05-18 04:19:18 core\tools\utils\simpleLogger.py:29                INFO     move dea15880: PyQt5.QtCore.QPointF(-100.0, 300.0) -> PyQt5.QtCore.QPointF(-92.80000000000001, 301.2), parent: None
2025-05-18 04:19:18 core\tools\utils\simpleLogger.py:29                INFO     node selected: 49f72a87
2025-05-18 04:19:19 core\tools\utils\simpleLogger.py:29                INFO     move 49f72a87: PyQt5.QtCore.QPointF(-100.0, 400.0) -> PyQt5.QtCore.QPointF(-101.20000000000002, 398.7999999999999), parent: None
2025-05-18 04:19:20 core\tools\utils\simpleLogger.py:29                INFO     node selected: eafe9ae3
2025-05-18 04:19:21 core\tools\utils\simpleLogger.py:29                INFO     move eafe9ae3: PyQt5.QtCore.QPointF(-100.0, 500.0) -> PyQt5.QtCore.QPointF(-103.6, 497.6), parent: None
2025-05-18 04:19:21 core\tools\utils\simpleLogger.py:29                INFO     node selected: acb92320
2025-05-18 04:19:22 core\tools\utils\simpleLogger.py:29                INFO     move acb92320: PyQt5.QtCore.QPointF(-18.400000000000006, 97.59999999999998) -> PyQt5.QtCore.QPointF(-23.200000000000006, 103.59999999999997), parent: None
2025-05-18 04:19:22 core\tools\utils\simpleLogger.py:29                INFO     node selected: fb39fceb
2025-05-18 04:19:23 core\tools\utils\simpleLogger.py:29                INFO     move fb39fceb: PyQt5.QtCore.QPointF(-100.0, 100.0) -> PyQt5.QtCore.QPointF(-97.60000000000001, 102.39999999999998), parent: None
2025-05-18 04:19:23 core\tools\utils\simpleLogger.py:29                INFO     node selected: 11b78063
2025-05-18 04:19:24 core\tools\utils\simpleLogger.py:29                INFO     move 11b78063: PyQt5.QtCore.QPointF(-194.8, 97.6) -> PyQt5.QtCore.QPointF(-186.4, 102.39999999999998), parent: None
2025-05-18 04:19:32 core\tools\utils\simpleLogger.py:29                INFO     node diselected: 11b78063
2025-05-18 04:22:57 core\tools\utils\simpleLogger.py:29                INFO     created node 3accef89 graphic, parent none, pos: (-100, -100), radius: 30
2025-05-18 04:22:57 core\tools\utils\simpleLogger.py:29                INFO     get node 3accef89 graphic position: PyQt5.QtCore.QPointF(-100.0, -100.0)
2025-05-18 04:22:57 core\tools\utils\simpleLogger.py:29                INFO     created node d39ff3ff graphic, parent 3accef89, pos: (-100.0, 0.0), radius: 30
2025-05-18 04:22:57 core\tools\utils\simpleLogger.py:29                INFO     get node d39ff3ff graphic position: PyQt5.QtCore.QPointF(-100.0, 0.0)
2025-05-18 04:22:57 core\tools\utils\simpleLogger.py:29                INFO     created node acb92320 graphic, parent d39ff3ff, pos: (-100.0, 100.0), radius: 30
2025-05-18 04:22:57 core\tools\utils\simpleLogger.py:29                INFO     get node d39ff3ff graphic position: PyQt5.QtCore.QPointF(-100.0, 0.0)
2025-05-18 04:22:57 core\tools\utils\simpleLogger.py:29                INFO     created node 11b78063 graphic, parent d39ff3ff, pos: (-100.0, 100.0), radius: 30
2025-05-18 04:22:57 core\tools\utils\simpleLogger.py:29                INFO     get node d39ff3ff graphic position: PyQt5.QtCore.QPointF(-100.0, 0.0)
2025-05-18 04:22:57 core\tools\utils\simpleLogger.py:29                INFO     created node fb39fceb graphic, parent d39ff3ff, pos: (-100.0, 100.0), radius: 30
2025-05-18 04:22:57 core\tools\utils\simpleLogger.py:29                INFO     get node acb92320 graphic position: PyQt5.QtCore.QPointF(-100.0, 100.0)
2025-05-18 04:22:57 core\tools\utils\simpleLogger.py:29                INFO     created node c190cd26 graphic, parent acb92320, pos: (-100.0, 200.0), radius: 30
2025-05-18 04:22:57 core\tools\utils\simpleLogger.py:29                INFO     get node c190cd26 graphic position: PyQt5.QtCore.QPointF(-100.0, 200.0)
2025-05-18 04:22:57 core\tools\utils\simpleLogger.py:29                INFO     created node dea15880 graphic, parent c190cd26, pos: (-100.0, 300.0), radius: 30
2025-05-18 04:22:57 core\tools\utils\simpleLogger.py:29                INFO     get node dea15880 graphic position: PyQt5.QtCore.QPointF(-100.0, 300.0)
2025-05-18 04:22:57 core\tools\utils\simpleLogger.py:29                INFO     created node 49f72a87 graphic, parent dea15880, pos: (-100.0, 400.0), radius: 30
2025-05-18 04:22:57 core\tools\utils\simpleLogger.py:29                INFO     get node 49f72a87 graphic position: PyQt5.QtCore.QPointF(-100.0, 400.0)
2025-05-18 04:22:57 core\tools\utils\simpleLogger.py:29                INFO     created node eafe9ae3 graphic, parent 49f72a87, pos: (-100.0, 500.0), radius: 30
2025-05-18 04:24:04 core\tools\utils\simpleLogger.py:29                INFO     created node 3accef89 graphic, parent none, pos: (-100, -100), radius: 30
2025-05-18 04:24:04 core\tools\utils\simpleLogger.py:29                INFO     get node 3accef89 graphic position: PyQt5.QtCore.QPointF(-100.0, -100.0)
2025-05-18 04:24:04 core\tools\utils\simpleLogger.py:29                INFO     created node d39ff3ff graphic, parent 3accef89, pos: (-100.0, 0.0), radius: 30
2025-05-18 04:24:04 core\tools\utils\simpleLogger.py:29                INFO     get node d39ff3ff graphic position: PyQt5.QtCore.QPointF(-100.0, 0.0)
2025-05-18 04:24:04 core\tools\utils\simpleLogger.py:29                INFO     created node 11b78063 graphic, parent d39ff3ff, pos: (-100.0, 100.0), radius: 30
2025-05-18 04:24:04 core\tools\utils\simpleLogger.py:29                INFO     get node d39ff3ff graphic position: PyQt5.QtCore.QPointF(-100.0, 0.0)
2025-05-18 04:24:04 core\tools\utils\simpleLogger.py:29                INFO     created node acb92320 graphic, parent d39ff3ff, pos: (-100.0, 100.0), radius: 30
2025-05-18 04:24:04 core\tools\utils\simpleLogger.py:29                INFO     get node d39ff3ff graphic position: PyQt5.QtCore.QPointF(-100.0, 0.0)
2025-05-18 04:24:04 core\tools\utils\simpleLogger.py:29                INFO     created node fb39fceb graphic, parent d39ff3ff, pos: (-100.0, 100.0), radius: 30
2025-05-18 04:24:04 core\tools\utils\simpleLogger.py:29                INFO     get node acb92320 graphic position: PyQt5.QtCore.QPointF(-100.0, 100.0)
2025-05-18 04:24:04 core\tools\utils\simpleLogger.py:29                INFO     created node c190cd26 graphic, parent acb92320, pos: (-100.0, 200.0), radius: 30
2025-05-18 04:24:04 core\tools\utils\simpleLogger.py:29                INFO     get node c190cd26 graphic position: PyQt5.QtCore.QPointF(-100.0, 200.0)
2025-05-18 04:24:04 core\tools\utils\simpleLogger.py:29                INFO     created node dea15880 graphic, parent c190cd26, pos: (-100.0, 300.0), radius: 30
2025-05-18 04:24:04 core\tools\utils\simpleLogger.py:29                INFO     get node dea15880 graphic position: PyQt5.QtCore.QPointF(-100.0, 300.0)
2025-05-18 04:24:04 core\tools\utils\simpleLogger.py:29                INFO     created node 49f72a87 graphic, parent dea15880, pos: (-100.0, 400.0), radius: 30
2025-05-18 04:24:04 core\tools\utils\simpleLogger.py:29                INFO     get node 49f72a87 graphic position: PyQt5.QtCore.QPointF(-100.0, 400.0)
2025-05-18 04:24:04 core\tools\utils\simpleLogger.py:29                INFO     created node eafe9ae3 graphic, parent 49f72a87, pos: (-100.0, 500.0), radius: 30
2025-05-18 04:25:20 core\tools\utils\simpleLogger.py:29                INFO     created node 3accef89 graphic, parent none, pos: (-100, -100), radius: 30
2025-05-18 04:25:20 core\tools\utils\simpleLogger.py:29                INFO     main process

2025-05-18 04:25:20 core\tools\utils\simpleLogger.py:29                INFO     get node 3accef89 graphic position: PyQt5.QtCore.QPointF(-100.0, -100.0)
2025-05-18 04:25:20 core\tools\utils\simpleLogger.py:29                INFO     created node d39ff3ff graphic, parent 3accef89, pos: (-100.0, 0.0), radius: 30
2025-05-18 04:25:20 core\tools\utils\simpleLogger.py:29                INFO     [fork]如何进入Hookton Village

2025-05-18 04:25:20 core\tools\utils\simpleLogger.py:29                INFO     get node d39ff3ff graphic position: PyQt5.QtCore.QPointF(-100.0, 0.0)
2025-05-18 04:25:20 core\tools\utils\simpleLogger.py:29                INFO     created node acb92320 graphic, parent d39ff3ff, pos: (-100.0, 100.0), radius: 30
2025-05-18 04:25:20 core\tools\utils\simpleLogger.py:29                INFO     [fork]Missing Marie是否告知实情

2025-05-18 04:25:20 core\tools\utils\simpleLogger.py:29                INFO     get node d39ff3ff graphic position: PyQt5.QtCore.QPointF(-100.0, 0.0)
2025-05-18 04:25:20 core\tools\utils\simpleLogger.py:29                INFO     created node fb39fceb graphic, parent d39ff3ff, pos: (-100.0, 100.0), radius: 30
2025-05-18 04:25:20 core\tools\utils\simpleLogger.py:29                INFO     [fork]Missing Marie是否告知实情

2025-05-18 04:25:20 core\tools\utils\simpleLogger.py:29                INFO     get node d39ff3ff graphic position: PyQt5.QtCore.QPointF(-100.0, 0.0)
2025-05-18 04:25:20 core\tools\utils\simpleLogger.py:29                INFO     created node 11b78063 graphic, parent d39ff3ff, pos: (-100.0, 100.0), radius: 30
2025-05-18 04:25:20 core\tools\utils\simpleLogger.py:29                INFO     [fork]Missing Marie是否告知实情

2025-05-18 04:25:20 core\tools\utils\simpleLogger.py:29                INFO     get node acb92320 graphic position: PyQt5.QtCore.QPointF(-100.0, 100.0)
2025-05-18 04:25:20 core\tools\utils\simpleLogger.py:29                INFO     created node c190cd26 graphic, parent acb92320, pos: (-100.0, 200.0), radius: 30
2025-05-18 04:25:20 core\tools\utils\simpleLogger.py:29                INFO     STATE: 分支说明
2025-05-18 04:25:20 core\tools\utils\simpleLogger.py:29                INFO     get node c190cd26 graphic position: PyQt5.QtCore.QPointF(-100.0, 200.0)
2025-05-18 04:25:21 core\tools\utils\simpleLogger.py:29                INFO     created node dea15880 graphic, parent c190cd26, pos: (-100.0, 300.0), radius: 30
2025-05-18 04:25:21 core\tools\utils\simpleLogger.py:29                INFO     STATE: 分支说明
2025-05-18 04:25:21 core\tools\utils\simpleLogger.py:29                INFO     get node dea15880 graphic position: PyQt5.QtCore.QPointF(-100.0, 300.0)
2025-05-18 04:25:21 core\tools\utils\simpleLogger.py:29                INFO     created node 49f72a87 graphic, parent dea15880, pos: (-100.0, 400.0), radius: 30
2025-05-18 04:25:21 core\tools\utils\simpleLogger.py:29                INFO     DECISION: asd
2025-05-18 04:25:21 core\tools\utils\simpleLogger.py:29                INFO     get node 49f72a87 graphic position: PyQt5.QtCore.QPointF(-100.0, 400.0)
2025-05-18 04:25:21 core\tools\utils\simpleLogger.py:29                INFO     created node eafe9ae3 graphic, parent 49f72a87, pos: (-100.0, 500.0), radius: 30
2025-05-18 04:25:21 core\tools\utils\simpleLogger.py:29                INFO     STATE: 分支说明
2025-05-18 04:25:51 core\tools\utils\simpleLogger.py:29                INFO     created node 3accef89 graphic, parent none, pos: (-100, -100), radius: 30
2025-05-18 04:25:51 core\tools\utils\simpleLogger.py:29                INFO     main process

2025-05-18 04:25:51 core\tools\utils\simpleLogger.py:29                INFO     get node 3accef89 graphic position: PyQt5.QtCore.QPointF(-100.0, -100.0)
2025-05-18 04:25:51 core\tools\utils\simpleLogger.py:29                INFO     created node d39ff3ff graphic, parent 3accef89, pos: (-100.0, 0.0), radius: 30
2025-05-18 04:25:51 core\tools\utils\simpleLogger.py:29                INFO     [fork]如何进入Hookton Village

2025-05-18 04:25:51 core\tools\utils\simpleLogger.py:29                INFO     get node d39ff3ff graphic position: PyQt5.QtCore.QPointF(-100.0, 0.0)
2025-05-18 04:25:51 core\tools\utils\simpleLogger.py:29                INFO     created node 11b78063 graphic, parent d39ff3ff, pos: (-100.0, 100.0), radius: 30
2025-05-18 04:25:51 core\tools\utils\simpleLogger.py:29                INFO     [fork]Missing Marie是否告知实情

2025-05-18 04:25:51 core\tools\utils\simpleLogger.py:29                INFO     get node d39ff3ff graphic position: PyQt5.QtCore.QPointF(-100.0, 0.0)
2025-05-18 04:25:51 core\tools\utils\simpleLogger.py:29                INFO     created node acb92320 graphic, parent d39ff3ff, pos: (-100.0, 100.0), radius: 30
2025-05-18 04:25:51 core\tools\utils\simpleLogger.py:29                INFO     [fork]Missing Marie是否告知实情

2025-05-18 04:25:51 core\tools\utils\simpleLogger.py:29                INFO     get node d39ff3ff graphic position: PyQt5.QtCore.QPointF(-100.0, 0.0)
2025-05-18 04:25:51 core\tools\utils\simpleLogger.py:29                INFO     created node fb39fceb graphic, parent d39ff3ff, pos: (-100.0, 100.0), radius: 30
2025-05-18 04:25:51 core\tools\utils\simpleLogger.py:29                INFO     [fork]Missing Marie是否告知实情

2025-05-18 04:25:51 core\tools\utils\simpleLogger.py:29                INFO     get node acb92320 graphic position: PyQt5.QtCore.QPointF(-100.0, 100.0)
2025-05-18 04:25:51 core\tools\utils\simpleLogger.py:29                INFO     created node c190cd26 graphic, parent acb92320, pos: (-100.0, 200.0), radius: 30
2025-05-18 04:25:51 core\tools\utils\simpleLogger.py:29                INFO     STATE: 分支说明
2025-05-18 04:25:51 core\tools\utils\simpleLogger.py:29                INFO     get node c190cd26 graphic position: PyQt5.QtCore.QPointF(-100.0, 200.0)
2025-05-18 04:25:51 core\tools\utils\simpleLogger.py:29                INFO     created node dea15880 graphic, parent c190cd26, pos: (-100.0, 300.0), radius: 30
2025-05-18 04:25:51 core\tools\utils\simpleLogger.py:29                INFO     STATE: 分支说明
2025-05-18 04:25:51 core\tools\utils\simpleLogger.py:29                INFO     get node dea15880 graphic position: PyQt5.QtCore.QPointF(-100.0, 300.0)
2025-05-18 04:25:51 core\tools\utils\simpleLogger.py:29                INFO     created node 49f72a87 graphic, parent dea15880, pos: (-100.0, 400.0), radius: 30
2025-05-18 04:25:51 core\tools\utils\simpleLogger.py:29                INFO     DECISION: asd
2025-05-18 04:25:51 core\tools\utils\simpleLogger.py:29                INFO     get node 49f72a87 graphic position: PyQt5.QtCore.QPointF(-100.0, 400.0)
2025-05-18 04:25:51 core\tools\utils\simpleLogger.py:29                INFO     created node eafe9ae3 graphic, parent 49f72a87, pos: (-100.0, 500.0), radius: 30
2025-05-18 04:25:51 core\tools\utils\simpleLogger.py:29                INFO     STATE: 分支说明
2025-05-18 04:26:05 core\tools\utils\simpleLogger.py:29                INFO     created node 3accef89 graphic, parent none, pos: (-100, -100), radius: 30
2025-05-18 04:26:05 core\tools\utils\simpleLogger.py:29                INFO     main process

2025-05-18 04:26:05 core\tools\utils\simpleLogger.py:29                INFO     get node 3accef89 graphic position: PyQt5.QtCore.QPointF(-100.0, -100.0)
2025-05-18 04:26:05 core\tools\utils\simpleLogger.py:29                INFO     created node d39ff3ff graphic, parent 3accef89, pos: (-100.0, 0.0), radius: 30
2025-05-18 04:26:05 core\tools\utils\simpleLogger.py:29                INFO     [fork]如何进入Hookton Village

2025-05-18 04:26:05 core\tools\utils\simpleLogger.py:29                INFO     get node d39ff3ff graphic position: PyQt5.QtCore.QPointF(-100.0, 0.0)
2025-05-18 04:26:05 core\tools\utils\simpleLogger.py:29                INFO     created node fb39fceb graphic, parent d39ff3ff, pos: (-100.0, 100.0), radius: 30
2025-05-18 04:26:05 core\tools\utils\simpleLogger.py:29                INFO     [fork]Missing Marie是否告知实情

2025-05-18 04:26:05 core\tools\utils\simpleLogger.py:29                INFO     get node d39ff3ff graphic position: PyQt5.QtCore.QPointF(-100.0, 0.0)
2025-05-18 04:26:05 core\tools\utils\simpleLogger.py:29                INFO     created node acb92320 graphic, parent d39ff3ff, pos: (-100.0, 100.0), radius: 30
2025-05-18 04:26:05 core\tools\utils\simpleLogger.py:29                INFO     [fork]Missing Marie是否告知实情

2025-05-18 04:26:05 core\tools\utils\simpleLogger.py:29                INFO     get node d39ff3ff graphic position: PyQt5.QtCore.QPointF(-100.0, 0.0)
2025-05-18 04:26:05 core\tools\utils\simpleLogger.py:29                INFO     created node 11b78063 graphic, parent d39ff3ff, pos: (-100.0, 100.0), radius: 30
2025-05-18 04:26:05 core\tools\utils\simpleLogger.py:29                INFO     [fork]Missing Marie是否告知实情

2025-05-18 04:26:05 core\tools\utils\simpleLogger.py:29                INFO     get node acb92320 graphic position: PyQt5.QtCore.QPointF(-100.0, 100.0)
2025-05-18 04:26:05 core\tools\utils\simpleLogger.py:29                INFO     created node c190cd26 graphic, parent acb92320, pos: (-100.0, 200.0), radius: 30
2025-05-18 04:26:05 core\tools\utils\simpleLogger.py:29                INFO     STATE: 分支说明
2025-05-18 04:26:05 core\tools\utils\simpleLogger.py:29                INFO     get node c190cd26 graphic position: PyQt5.QtCore.QPointF(-100.0, 200.0)
2025-05-18 04:26:05 core\tools\utils\simpleLogger.py:29                INFO     created node dea15880 graphic, parent c190cd26, pos: (-100.0, 300.0), radius: 30
2025-05-18 04:26:05 core\tools\utils\simpleLogger.py:29                INFO     STATE: 分支说明
2025-05-18 04:26:05 core\tools\utils\simpleLogger.py:29                INFO     get node dea15880 graphic position: PyQt5.QtCore.QPointF(-100.0, 300.0)
2025-05-18 04:26:05 core\tools\utils\simpleLogger.py:29                INFO     created node 49f72a87 graphic, parent dea15880, pos: (-100.0, 400.0), radius: 30
2025-05-18 04:26:05 core\tools\utils\simpleLogger.py:29                INFO     DECISION: asd
2025-05-18 04:26:05 core\tools\utils\simpleLogger.py:29                INFO     get node 49f72a87 graphic position: PyQt5.QtCore.QPointF(-100.0, 400.0)
2025-05-18 04:26:05 core\tools\utils\simpleLogger.py:29                INFO     created node eafe9ae3 graphic, parent 49f72a87, pos: (-100.0, 500.0), radius: 30
2025-05-18 04:26:05 core\tools\utils\simpleLogger.py:29                INFO     STATE: 分支说明
2025-05-18 12:34:05 core\tools\utils\simpleLogger.py:29                INFO     created node 3accef89 graphic, parent none, pos: (-100, -100), radius: 30
2025-05-18 12:34:05 core\tools\utils\simpleLogger.py:29                INFO     main process

2025-05-18 12:34:05 core\tools\utils\simpleLogger.py:29                INFO     get node 3accef89 graphic position: PyQt5.QtCore.QPointF(-100.0, -100.0)
2025-05-18 12:34:05 core\tools\utils\simpleLogger.py:29                INFO     created node d39ff3ff graphic, parent 3accef89, pos: (-100.0, 0.0), radius: 30
2025-05-18 12:34:05 core\tools\utils\simpleLogger.py:29                INFO     [fork]如何进入Hookton Village

2025-05-18 12:34:05 core\tools\utils\simpleLogger.py:29                INFO     get node d39ff3ff graphic position: PyQt5.QtCore.QPointF(-100.0, 0.0)
2025-05-18 12:34:05 core\tools\utils\simpleLogger.py:29                INFO     created node fb39fceb graphic, parent d39ff3ff, pos: (-100.0, 100.0), radius: 30
2025-05-18 12:34:05 core\tools\utils\simpleLogger.py:29                INFO     [fork]Missing Marie是否告知实情

2025-05-18 12:34:05 core\tools\utils\simpleLogger.py:29                INFO     get node d39ff3ff graphic position: PyQt5.QtCore.QPointF(-100.0, 0.0)
2025-05-18 12:34:05 core\tools\utils\simpleLogger.py:29                INFO     created node 11b78063 graphic, parent d39ff3ff, pos: (-100.0, 100.0), radius: 30
2025-05-18 12:34:05 core\tools\utils\simpleLogger.py:29                INFO     [fork]Missing Marie是否告知实情

2025-05-18 12:34:05 core\tools\utils\simpleLogger.py:29                INFO     get node d39ff3ff graphic position: PyQt5.QtCore.QPointF(-100.0, 0.0)
2025-05-18 12:34:05 core\tools\utils\simpleLogger.py:29                INFO     created node acb92320 graphic, parent d39ff3ff, pos: (-100.0, 100.0), radius: 30
2025-05-18 12:34:05 core\tools\utils\simpleLogger.py:29                INFO     [fork]Missing Marie是否告知实情

2025-05-18 12:34:05 core\tools\utils\simpleLogger.py:29                INFO     get node acb92320 graphic position: PyQt5.QtCore.QPointF(-100.0, 100.0)
2025-05-18 12:34:05 core\tools\utils\simpleLogger.py:29                INFO     created node c190cd26 graphic, parent acb92320, pos: (-100.0, 200.0), radius: 30
2025-05-18 12:34:05 core\tools\utils\simpleLogger.py:29                INFO     STATE: 分支说明
2025-05-18 12:34:05 core\tools\utils\simpleLogger.py:29                INFO     get node c190cd26 graphic position: PyQt5.QtCore.QPointF(-100.0, 200.0)
2025-05-18 12:34:05 core\tools\utils\simpleLogger.py:29                INFO     created node dea15880 graphic, parent c190cd26, pos: (-100.0, 300.0), radius: 30
2025-05-18 12:34:05 core\tools\utils\simpleLogger.py:29                INFO     STATE: 分支说明
2025-05-18 12:34:05 core\tools\utils\simpleLogger.py:29                INFO     get node dea15880 graphic position: PyQt5.QtCore.QPointF(-100.0, 300.0)
2025-05-18 12:34:05 core\tools\utils\simpleLogger.py:29                INFO     created node 49f72a87 graphic, parent dea15880, pos: (-100.0, 400.0), radius: 30
2025-05-18 12:34:05 core\tools\utils\simpleLogger.py:29                INFO     DECISION: asd
2025-05-18 12:34:05 core\tools\utils\simpleLogger.py:29                INFO     get node 49f72a87 graphic position: PyQt5.QtCore.QPointF(-100.0, 400.0)
2025-05-18 12:34:05 core\tools\utils\simpleLogger.py:29                INFO     created node eafe9ae3 graphic, parent 49f72a87, pos: (-100.0, 500.0), radius: 30
2025-05-18 12:34:05 core\tools\utils\simpleLogger.py:29                INFO     STATE: 分支说明
2025-05-18 14:07:56 core\tools\utils\simpleLogger.py:29                INFO     created node root graphic, parent none, pos: (-100, -100), radius: 30
2025-05-18 14:07:56 core\tools\utils\simpleLogger.py:29                INFO     main process

2025-05-18 14:08:01 core\tools\utils\simpleLogger.py:29                INFO     node selected: root
2025-05-18 14:08:02 core\tools\utils\simpleLogger.py:29                INFO     move root: PyQt5.QtCore.QPointF(-100.0, -100.0) -> PyQt5.QtCore.QPointF(-41.24800000000002, -79.264), parent: None
2025-05-18 14:08:22 core\tools\utils\simpleLogger.py:29                INFO     created node root graphic, parent none, pos: (-100, -100), radius: 30
2025-05-18 14:08:22 core\tools\utils\simpleLogger.py:29                INFO     main process

2025-05-18 14:08:28 core\tools\utils\simpleLogger.py:29                INFO     node selected: root
2025-05-18 14:08:29 core\tools\utils\simpleLogger.py:29                INFO     move root: PyQt5.QtCore.QPointF(-100.0, -100.0) -> PyQt5.QtCore.QPointF(-97.0, -183.0), parent: None
2025-05-18 14:08:40 core\tools\utils\simpleLogger.py:29                INFO     created node root graphic, parent none, pos: (-100, -100), radius: 30
2025-05-18 14:08:40 core\tools\utils\simpleLogger.py:29                INFO     main process

2025-05-18 14:09:10 core\tools\utils\simpleLogger.py:29                INFO     created node root graphic, parent none, pos: (-100, -100), radius: 30
2025-05-18 14:09:10 core\tools\utils\simpleLogger.py:29                INFO     main process

2025-05-18 14:10:05 core\tools\utils\simpleLogger.py:29                INFO     created node root graphic, parent none, pos: (-100, -100), radius: 30
2025-05-18 14:10:05 core\tools\utils\simpleLogger.py:29                INFO     main process

2025-05-18 14:10:07 core\tools\utils\simpleLogger.py:29                INFO     node selected: root
2025-05-18 14:10:07 core\tools\utils\simpleLogger.py:29                INFO     move root: PyQt5.QtCore.QPointF(-100.0, -100.0) -> PyQt5.QtCore.QPointF(-220.0, -184.0), parent: None
2025-05-18 14:10:09 core\tools\utils\simpleLogger.py:29                INFO     node selected: root
2025-05-18 14:10:09 core\tools\utils\simpleLogger.py:29                INFO     move root: PyQt5.QtCore.QPointF(-220.0, -184.0) -> PyQt5.QtCore.QPointF(-164.0, -254.0), parent: None
2025-05-18 14:10:32 core\tools\utils\simpleLogger.py:29                INFO     created node root graphic, parent none, pos: (-100, -100), radius: 30
2025-05-18 14:10:32 core\tools\utils\simpleLogger.py:29                INFO     main process

2025-05-18 14:24:02 core\tools\utils\simpleLogger.py:29                INFO     created node dc303f02 graphic, parents [], pos: (-100, -100), radius: 30
2025-05-18 14:24:02 core\tools\utils\simpleLogger.py:29                INFO     main process

2025-05-18 14:24:04 core\tools\utils\simpleLogger.py:29                INFO     node selected: dc303f02
2025-05-18 14:24:04 core\tools\utils\simpleLogger.py:29                INFO     move dc303f02: PyQt5.QtCore.QPointF(-100.0, -100.0) -> PyQt5.QtCore.QPointF(-99.0, -194.0), parent: None
2025-05-18 14:26:52 core\tools\utils\simpleLogger.py:29                INFO     created node dc303f02 graphic, parents [], pos: (-100, -100), radius: 30
2025-05-18 14:26:52 core\tools\utils\simpleLogger.py:29                INFO     main process

2025-05-18 14:26:52 core\tools\utils\simpleLogger.py:29                INFO     get node dc303f02 graphic position: PyQt5.QtCore.QPointF(-100.0, -100.0)
2025-05-18 14:26:52 core\tools\utils\simpleLogger.py:29                INFO     created node 3accef89 graphic, parents ['dc303f02'], pos: (-100.0, 0.0), radius: 30
2025-05-18 14:26:52 core\tools\utils\simpleLogger.py:29                INFO     [fork]如何进入Hookton Village

2025-05-18 14:26:52 core\tools\utils\simpleLogger.py:29                INFO     get node 3accef89 graphic position: PyQt5.QtCore.QPointF(-100.0, 0.0)
2025-05-18 14:26:52 core\tools\utils\simpleLogger.py:29                INFO     created node d39ff3ff graphic, parents ['3accef89'], pos: (-100.0, 100.0), radius: 30
2025-05-18 14:26:52 core\tools\utils\simpleLogger.py:29                INFO     [fork]Missing Marie是否告知实情

2025-05-18 14:26:52 core\tools\utils\simpleLogger.py:29                INFO     get node d39ff3ff graphic position: PyQt5.QtCore.QPointF(-100.0, 100.0)
2025-05-18 14:26:52 core\tools\utils\simpleLogger.py:29                INFO     created node fb39fceb graphic, parents ['d39ff3ff'], pos: (-100.0, 200.0), radius: 30
2025-05-18 14:26:52 core\tools\utils\simpleLogger.py:29                INFO     Missing Marie不告知实情

2025-05-18 14:26:52 core\tools\utils\simpleLogger.py:29                INFO     get node d39ff3ff graphic position: PyQt5.QtCore.QPointF(-100.0, 100.0)
2025-05-18 14:26:52 core\tools\utils\simpleLogger.py:29                INFO     created node 11b78063 graphic, parents ['d39ff3ff'], pos: (-100.0, 200.0), radius: 30
2025-05-18 14:26:52 core\tools\utils\simpleLogger.py:29                INFO     Missing Marie告知实情

2025-05-18 14:26:52 core\tools\utils\simpleLogger.py:29                INFO     get node d39ff3ff graphic position: PyQt5.QtCore.QPointF(-100.0, 100.0)
2025-05-18 14:26:52 core\tools\utils\simpleLogger.py:29                INFO     created node acb92320 graphic, parents ['d39ff3ff'], pos: (-100.0, 200.0), radius: 30
2025-05-18 14:26:52 core\tools\utils\simpleLogger.py:29                INFO     STATE: 分支说明
2025-05-18 14:26:52 core\tools\utils\simpleLogger.py:29                INFO     get node acb92320 graphic position: PyQt5.QtCore.QPointF(-100.0, 200.0)
2025-05-18 14:26:52 core\tools\utils\simpleLogger.py:29                INFO     created node c190cd26 graphic, parents ['acb92320'], pos: (-100.0, 300.0), radius: 30
2025-05-18 14:26:52 core\tools\utils\simpleLogger.py:29                INFO     STATE: 分支说明
2025-05-18 14:26:52 core\tools\utils\simpleLogger.py:29                INFO     get node c190cd26 graphic position: PyQt5.QtCore.QPointF(-100.0, 300.0)
2025-05-18 14:26:52 core\tools\utils\simpleLogger.py:29                INFO     created node dea15880 graphic, parents ['c190cd26'], pos: (-100.0, 400.0), radius: 30
2025-05-18 14:26:52 core\tools\utils\simpleLogger.py:29                INFO     DECISION: asd
2025-05-18 14:26:52 core\tools\utils\simpleLogger.py:29                INFO     get node dea15880 graphic position: PyQt5.QtCore.QPointF(-100.0, 400.0)
2025-05-18 14:26:52 core\tools\utils\simpleLogger.py:29                INFO     created node 49f72a87 graphic, parents ['dea15880'], pos: (-100.0, 500.0), radius: 30
2025-05-18 14:26:52 core\tools\utils\simpleLogger.py:29                INFO     STATE: 分支说明
2025-05-18 14:26:52 core\tools\utils\simpleLogger.py:29                INFO     get node 49f72a87 graphic position: PyQt5.QtCore.QPointF(-100.0, 500.0)
2025-05-18 14:26:52 core\tools\utils\simpleLogger.py:29                INFO     created node eafe9ae3 graphic, parents ['49f72a87'], pos: (-100.0, 600.0), radius: 30
2025-05-18 14:26:52 core\tools\utils\simpleLogger.py:29                INFO     STATE: 分支说明
